Working Start
Monday 17th of March 2025 08:55:01 PM
Working Done

Working Start
Monday 17th of March 2025 09:55:01 PM
Working Done

Working Start
Monday 17th of March 2025 10:55:01 PM
Working Done

Working Start
Monday 17th of March 2025 11:55:01 PM
Working Done

Working Start
Tuesday 18th of March 2025 12:55:01 AM
Working Done

Working Start
Tuesday 18th of March 2025 01:55:01 AM
Working Done

Working Start
Tuesday 18th of March 2025 02:55:01 AM
Working Done

Working Start
Tuesday 18th of March 2025 01:55:02 PM
Working Done

Working Start
Tuesday 18th of March 2025 02:55:01 PM
Working Done

Working Start
Tuesday 18th of March 2025 03:55:01 PM
Working Done

Working Start
Tuesday 18th of March 2025 04:55:01 PM
Working Done

Working Start
Tuesday 18th of March 2025 05:55:01 PM
Working Done

Working Start
Tuesday 18th of March 2025 06:55:01 PM
Working Done

Working Start
Tuesday 18th of March 2025 07:55:01 PM
Working Done

